<?xml version="1.0" encoding="UTF-8"?>
<testsuite xmlns:xsi="http://www.w3.org/2001/XMLSchema-instance" xsi:noNamespaceSchemaLocation="https://maven.apache.org/surefire/maven-surefire-plugin/xsd/surefire-test-report-3.0.xsd" version="3.0" name="org.diego.tutorial.car.resources.CarResourceTest" time="0.002" tests="1" errors="1" skipped="0" failures="0">
  <properties>
    <property name="sun.desktop" value="windows"/>
    <property name="awt.toolkit" value="sun.awt.windows.WToolkit"/>
    <property name="file.encoding.pkg" value="sun.io"/>
    <property name="java.specification.version" value="1.8"/>
    <property name="sun.cpu.isalist" value="amd64"/>
    <property name="sun.jnu.encoding" value="Cp1252"/>
    <property name="java.class.path" value="C:\Users\dvalerad\Documents\eclipse-workspace\car\target\test-classes;C:\Users\dvalerad\Documents\eclipse-workspace\car\target\classes;C:\Users\dvalerad\.m2\repository\org\hibernate\hibernate-core\5.2.3.Final\hibernate-core-5.2.3.Final.jar;C:\Users\dvalerad\.m2\repository\org\jboss\logging\jboss-logging\3.3.0.Final\jboss-logging-3.3.0.Final.jar;C:\Users\dvalerad\.m2\repository\org\hibernate\javax\persistence\hibernate-jpa-2.1-api\1.0.0.Final\hibernate-jpa-2.1-api-1.0.0.Final.jar;C:\Users\dvalerad\.m2\repository\org\javassist\javassist\3.20.0-GA\javassist-3.20.0-GA.jar;C:\Users\dvalerad\.m2\repository\antlr\antlr\2.7.7\antlr-2.7.7.jar;C:\Users\dvalerad\.m2\repository\org\apache\geronimo\specs\geronimo-jta_1.1_spec\1.1.1\geronimo-jta_1.1_spec-1.1.1.jar;C:\Users\dvalerad\.m2\repository\org\jboss\jandex\2.0.0.Final\jandex-2.0.0.Final.jar;C:\Users\dvalerad\.m2\repository\com\fasterxml\classmate\1.3.0\classmate-1.3.0.jar;C:\Users\dvalerad\.m2\repository\dom4j\dom4j\1.6.1\dom4j-1.6.1.jar;C:\Users\dvalerad\.m2\repository\org\hibernate\common\hibernate-commons-annotations\5.0.1.Final\hibernate-commons-annotations-5.0.1.Final.jar;C:\Users\dvalerad\.m2\repository\javax\enterprise\cdi-api\1.1\cdi-api-1.1.jar;C:\Users\dvalerad\.m2\repository\javax\el\el-api\2.2\el-api-2.2.jar;C:\Users\dvalerad\.m2\repository\org\jboss\spec\javax\interceptor\jboss-interceptors-api_1.1_spec\1.0.0.Beta1\jboss-interceptors-api_1.1_spec-1.0.0.Beta1.jar;C:\Users\dvalerad\.m2\repository\javax\annotation\jsr250-api\1.0\jsr250-api-1.0.jar;C:\Users\dvalerad\.m2\repository\javax\inject\javax.inject\1\javax.inject-1.jar;C:\Users\dvalerad\.m2\repository\javax\javaee-api\7.0\javaee-api-7.0.jar;C:\Users\dvalerad\.m2\repository\com\sun\mail\javax.mail\1.5.0\javax.mail-1.5.0.jar;C:\Users\dvalerad\.m2\repository\javax\activation\activation\1.1\activation-1.1.jar;C:\Users\dvalerad\.m2\repository\com\fasterxml\jackson\jaxrs\jackson-jaxrs-json-provider\2.9.8\jackson-jaxrs-json-provider-2.9.8.jar;C:\Users\dvalerad\.m2\repository\com\fasterxml\jackson\jaxrs\jackson-jaxrs-base\2.9.8\jackson-jaxrs-base-2.9.8.jar;C:\Users\dvalerad\.m2\repository\com\fasterxml\jackson\core\jackson-core\2.9.8\jackson-core-2.9.8.jar;C:\Users\dvalerad\.m2\repository\com\fasterxml\jackson\core\jackson-databind\2.9.8\jackson-databind-2.9.8.jar;C:\Users\dvalerad\.m2\repository\com\fasterxml\jackson\module\jackson-module-jaxb-annotations\2.9.8\jackson-module-jaxb-annotations-2.9.8.jar;C:\Users\dvalerad\.m2\repository\com\fasterxml\jackson\core\jackson-annotations\2.9.0\jackson-annotations-2.9.0.jar;C:\Users\dvalerad\.m2\repository\log4j\log4j\1.2.17\log4j-1.2.17.jar;C:\Users\dvalerad\.m2\repository\junit\junit\4.12\junit-4.12.jar;C:\Users\dvalerad\.m2\repository\org\hamcrest\hamcrest-core\1.3\hamcrest-core-1.3.jar;C:\Users\dvalerad\.m2\repository\org\mockito\mockito-core\3.1.0\mockito-core-3.1.0.jar;C:\Users\dvalerad\.m2\repository\net\bytebuddy\byte-buddy\1.9.10\byte-buddy-1.9.10.jar;C:\Users\dvalerad\.m2\repository\net\bytebuddy\byte-buddy-agent\1.9.10\byte-buddy-agent-1.9.10.jar;C:\Users\dvalerad\.m2\repository\org\objenesis\objenesis\2.6\objenesis-2.6.jar;"/>
    <property name="java.vm.vendor" value="Oracle Corporation"/>
    <property name="sun.arch.data.model" value="64"/>
    <property name="user.variant" value=""/>
    <property name="java.vendor.url" value="http://java.oracle.com/"/>
    <property name="user.timezone" value="Europe/Paris"/>
    <property name="java.vm.specification.version" value="1.8"/>
    <property name="os.name" value="Windows 10"/>
    <property name="user.country" value="ES"/>
    <property name="sun.java.launcher" value="SUN_STANDARD"/>
    <property name="sun.boot.library.path" value="C:\Program Files\Java\jre1.8.0_231\bin"/>
    <property name="sun.java.command" value="C:\Users\dvalerad\AppData\Local\Temp\surefire1095748987507556105\surefirebooter1397446086931236820.jar C:\Users\dvalerad\AppData\Local\Temp\surefire1095748987507556105 2019-10-31T17-58-07_948-jvmRun1 surefire2789202908207195040tmp surefire_04777064427309867756tmp"/>
    <property name="surefire.test.class.path" value="C:\Users\dvalerad\Documents\eclipse-workspace\car\target\test-classes;C:\Users\dvalerad\Documents\eclipse-workspace\car\target\classes;C:\Users\dvalerad\.m2\repository\org\hibernate\hibernate-core\5.2.3.Final\hibernate-core-5.2.3.Final.jar;C:\Users\dvalerad\.m2\repository\org\jboss\logging\jboss-logging\3.3.0.Final\jboss-logging-3.3.0.Final.jar;C:\Users\dvalerad\.m2\repository\org\hibernate\javax\persistence\hibernate-jpa-2.1-api\1.0.0.Final\hibernate-jpa-2.1-api-1.0.0.Final.jar;C:\Users\dvalerad\.m2\repository\org\javassist\javassist\3.20.0-GA\javassist-3.20.0-GA.jar;C:\Users\dvalerad\.m2\repository\antlr\antlr\2.7.7\antlr-2.7.7.jar;C:\Users\dvalerad\.m2\repository\org\apache\geronimo\specs\geronimo-jta_1.1_spec\1.1.1\geronimo-jta_1.1_spec-1.1.1.jar;C:\Users\dvalerad\.m2\repository\org\jboss\jandex\2.0.0.Final\jandex-2.0.0.Final.jar;C:\Users\dvalerad\.m2\repository\com\fasterxml\classmate\1.3.0\classmate-1.3.0.jar;C:\Users\dvalerad\.m2\repository\dom4j\dom4j\1.6.1\dom4j-1.6.1.jar;C:\Users\dvalerad\.m2\repository\org\hibernate\common\hibernate-commons-annotations\5.0.1.Final\hibernate-commons-annotations-5.0.1.Final.jar;C:\Users\dvalerad\.m2\repository\javax\enterprise\cdi-api\1.1\cdi-api-1.1.jar;C:\Users\dvalerad\.m2\repository\javax\el\el-api\2.2\el-api-2.2.jar;C:\Users\dvalerad\.m2\repository\org\jboss\spec\javax\interceptor\jboss-interceptors-api_1.1_spec\1.0.0.Beta1\jboss-interceptors-api_1.1_spec-1.0.0.Beta1.jar;C:\Users\dvalerad\.m2\repository\javax\annotation\jsr250-api\1.0\jsr250-api-1.0.jar;C:\Users\dvalerad\.m2\repository\javax\inject\javax.inject\1\javax.inject-1.jar;C:\Users\dvalerad\.m2\repository\javax\javaee-api\7.0\javaee-api-7.0.jar;C:\Users\dvalerad\.m2\repository\com\sun\mail\javax.mail\1.5.0\javax.mail-1.5.0.jar;C:\Users\dvalerad\.m2\repository\javax\activation\activation\1.1\activation-1.1.jar;C:\Users\dvalerad\.m2\repository\com\fasterxml\jackson\jaxrs\jackson-jaxrs-json-provider\2.9.8\jackson-jaxrs-json-provider-2.9.8.jar;C:\Users\dvalerad\.m2\repository\com\fasterxml\jackson\jaxrs\jackson-jaxrs-base\2.9.8\jackson-jaxrs-base-2.9.8.jar;C:\Users\dvalerad\.m2\repository\com\fasterxml\jackson\core\jackson-core\2.9.8\jackson-core-2.9.8.jar;C:\Users\dvalerad\.m2\repository\com\fasterxml\jackson\core\jackson-databind\2.9.8\jackson-databind-2.9.8.jar;C:\Users\dvalerad\.m2\repository\com\fasterxml\jackson\module\jackson-module-jaxb-annotations\2.9.8\jackson-module-jaxb-annotations-2.9.8.jar;C:\Users\dvalerad\.m2\repository\com\fasterxml\jackson\core\jackson-annotations\2.9.0\jackson-annotations-2.9.0.jar;C:\Users\dvalerad\.m2\repository\log4j\log4j\1.2.17\log4j-1.2.17.jar;C:\Users\dvalerad\.m2\repository\junit\junit\4.12\junit-4.12.jar;C:\Users\dvalerad\.m2\repository\org\hamcrest\hamcrest-core\1.3\hamcrest-core-1.3.jar;C:\Users\dvalerad\.m2\repository\org\mockito\mockito-core\3.1.0\mockito-core-3.1.0.jar;C:\Users\dvalerad\.m2\repository\net\bytebuddy\byte-buddy\1.9.10\byte-buddy-1.9.10.jar;C:\Users\dvalerad\.m2\repository\net\bytebuddy\byte-buddy-agent\1.9.10\byte-buddy-agent-1.9.10.jar;C:\Users\dvalerad\.m2\repository\org\objenesis\objenesis\2.6\objenesis-2.6.jar;"/>
    <property name="sun.cpu.endian" value="little"/>
    <property name="user.home" value="C:\Users\dvalerad"/>
    <property name="user.language" value="es"/>
    <property name="java.specification.vendor" value="Oracle Corporation"/>
    <property name="java.home" value="C:\Program Files\Java\jre1.8.0_231"/>
    <property name="basedir" value="C:\Users\dvalerad\Documents\eclipse-workspace\car"/>
    <property name="file.separator" value="\"/>
    <property name="line.separator" value="&#10;"/>
    <property name="java.vm.specification.vendor" value="Oracle Corporation"/>
    <property name="java.specification.name" value="Java Platform API Specification"/>
    <property name="java.awt.graphicsenv" value="sun.awt.Win32GraphicsEnvironment"/>
    <property name="surefire.real.class.path" value="C:\Users\dvalerad\AppData\Local\Temp\surefire1095748987507556105\surefirebooter1397446086931236820.jar"/>
    <property name="sun.boot.class.path" value="C:\Program Files\Java\jre1.8.0_231\lib\resources.jar;C:\Program Files\Java\jre1.8.0_231\lib\rt.jar;C:\Program Files\Java\jre1.8.0_231\lib\sunrsasign.jar;C:\Program Files\Java\jre1.8.0_231\lib\jsse.jar;C:\Program Files\Java\jre1.8.0_231\lib\jce.jar;C:\Program Files\Java\jre1.8.0_231\lib\charsets.jar;C:\Program Files\Java\jre1.8.0_231\lib\jfr.jar;C:\Program Files\Java\jre1.8.0_231\classes"/>
    <property name="user.script" value=""/>
    <property name="sun.management.compiler" value="HotSpot 64-Bit Tiered Compilers"/>
    <property name="java.runtime.version" value="1.8.0_231-b11"/>
    <property name="user.name" value="dvalerad"/>
    <property name="path.separator" value=";"/>
    <property name="os.version" value="10.0"/>
    <property name="java.endorsed.dirs" value="C:\Program Files\Java\jre1.8.0_231\lib\endorsed"/>
    <property name="java.runtime.name" value="Java(TM) SE Runtime Environment"/>
    <property name="file.encoding" value="Cp1252"/>
    <property name="java.vm.name" value="Java HotSpot(TM) 64-Bit Server VM"/>
    <property name="localRepository" value="C:\Users\dvalerad\.m2\repository"/>
    <property name="java.vendor.url.bug" value="http://bugreport.sun.com/bugreport/"/>
    <property name="java.io.tmpdir" value="C:\Users\dvalerad\AppData\Local\Temp\"/>
    <property name="java.version" value="1.8.0_231"/>
    <property name="user.dir" value="C:\Users\dvalerad\Documents\eclipse-workspace\car"/>
    <property name="os.arch" value="amd64"/>
    <property name="java.vm.specification.name" value="Java Virtual Machine Specification"/>
    <property name="java.awt.printerjob" value="sun.awt.windows.WPrinterJob"/>
    <property name="sun.os.patch.level" value=""/>
    <property name="java.library.path" value="C:\Program Files\Java\jre1.8.0_231\bin;C:\WINDOWS\Sun\Java\bin;C:\WINDOWS\system32;C:\WINDOWS;C:\Program Files (x86)\Common Files\Oracle\Java\javapath;C:\WINDOWS\system32;C:\WINDOWS;C:\WINDOWS\System32\Wbem;C:\WINDOWS\System32\WindowsPowerShell\v1.0\;C:\WINDOWS\System32\OpenSSH\;C:\Program Files\Java\jdk1.8.0_231\bin;C:\maven\bin;C:\Users\dvalerad\AppData\Local\Microsoft\WindowsApps;;."/>
    <property name="java.vm.info" value="mixed mode"/>
    <property name="java.vendor" value="Oracle Corporation"/>
    <property name="java.vm.version" value="25.231-b11"/>
    <property name="java.ext.dirs" value="C:\Program Files\Java\jre1.8.0_231\lib\ext;C:\WINDOWS\Sun\Java\lib\ext"/>
    <property name="sun.io.unicode.encoding" value="UnicodeLittle"/>
    <property name="java.class.version" value="52.0"/>
  </properties>
  <testcase name="testGetCars" classname="org.diego.tutorial.car.resources.CarResourceTest" time="0.001">
    <error message="java.lang.ClassNotFoundException: org.glassfish.jersey.internal.RuntimeDelegateImpl" type="java.lang.RuntimeException">java.lang.RuntimeException: java.lang.ClassNotFoundException: org.glassfish.jersey.internal.RuntimeDelegateImpl
	at org.diego.tutorial.car.resources.CarResourceTest.testGetCars(CarResourceTest.java:45)
Caused by: java.lang.ClassNotFoundException: org.glassfish.jersey.internal.RuntimeDelegateImpl
	at org.diego.tutorial.car.resources.CarResourceTest.testGetCars(CarResourceTest.java:45)
</error>
  </testcase>
</testsuite>